[20:51:38] [ServerMain/INFO]: [bootstrap] Running Java 21 (OpenJDK 64-Bit Server VM 21.0.7+6-Ubuntu-0ubuntu120.04; Ubuntu null) on Linux 6.8.0-1027-azure (amd64)
[20:51:38] [ServerMain/INFO]: [bootstrap] Loading Paper 1.21.5-69-main@c98cd65 (2025-05-03T20:38:42Z) for Minecraft 1.21.5
[20:51:38] [ServerMain/INFO]: [PluginInitializerManager] Initializing plugins...
[20:51:38] [Paper Plugin Remapper Thread - 2/INFO]: [PluginRemapper] Remapping plugin 'plugins/SkinsRestorer.jar'...
[20:51:41] [Paper Plugin Remapper Thread - 2/INFO]: [PluginRemapper] Done remapping plugin 'plugins/SkinsRestorer.jar' in 2379ms.
[20:51:41] [ServerMain/INFO]: [PluginInitializerManager] Initialized 1 plugin
[20:51:41] [ServerMain/INFO]: [PluginInitializerManager] Bukkit plugins (1):
 - SkinsRestorer (15.6.3)
[20:51:46] [ServerMain/INFO]: Environment: Environment[sessionHost=https://sessionserver.mojang.com, servicesHost=https://api.minecraftservices.com, name=PROD]
[20:51:46] [ServerMain/ERROR]: Failed to start the minecraft server
net.minecraft.util.DirectoryLock$LockException: /workspaces/fornicadoi/servidor_minecraft/./world/session.lock: already locked (possibly by other Minecraft instance?)
	at net.minecraft.util.DirectoryLock$LockException.alreadyLocked(DirectoryLock.java:100) ~[paper-1.21.5.jar:1.21.5-69-c98cd65]
	at net.minecraft.util.DirectoryLock.create(DirectoryLock.java:30) ~[paper-1.21.5.jar:1.21.5-69-c98cd65]
	at net.minecraft.world.level.storage.LevelStorageSource$LevelStorageAccess.<init>(LevelStorageSource.java:436) ~[paper-1.21.5.jar:1.21.5-69-c98cd65]
	at net.minecraft.world.level.storage.LevelStorageSource.validateAndCreateAccess(LevelStorageSource.java:351) ~[paper-1.21.5.jar:1.21.5-69-c98cd65]
	at net.minecraft.server.Main.main(Main.java:184) ~[paper-1.21.5.jar:1.21.5-69-c98cd65]
	at io.papermc.paper.PaperBootstrap.boot(PaperBootstrap.java:21) ~[paper-1.21.5.jar:1.21.5-69-c98cd65]
	at org.bukkit.craftbukkit.Main.main(Main.java:243) ~[paper-1.21.5.jar:1.21.5-69-c98cd65]
	at io.papermc.paperclip.Paperclip.lambda$main$0(Paperclip.java:42) ~[app:?]
	at java.base/java.lang.Thread.run(Thread.java:1583) ~[?:?]
